<?xml version="1.0" encoding="UTF-8"?>
<testng-results skipped="0" failed="0" ignored="0" total="1" passed="1">
  <reporter-output>
  </reporter-output>
  <suite name="Surefire suite" duration-ms="7861" started-at="2020-08-25T19:46:56Z" finished-at="2020-08-25T19:47:04Z">
    <groups>
    </groups>
    <test name="Surefire test" duration-ms="7861" started-at="2020-08-25T19:46:56Z" finished-at="2020-08-25T19:47:04Z">
      <class name="tests.HomeTest">
        <test-method status="PASS" signature="setUp()[pri:0, instance:tests.HomeTest@73f792cf]" name="setUp" is-config="true" duration-ms="6097" started-at="2020-08-25T19:46:56Z" finished-at="2020-08-25T19:47:02Z">
          <reporter-output>
          </reporter-output>
        </test-method> <!-- setUp -->
        <test-method status="PASS" signature="displayHomePage()[pri:0, instance:tests.HomeTest@73f792cf]" name="displayHomePage" duration-ms="374" started-at="2020-08-25T19:47:02Z" finished-at="2020-08-25T19:47:02Z">
          <reporter-output>
          </reporter-output>
        </test-method> <!-- displayHomePage -->
        <test-method status="PASS" signature="closeDriver()[pri:0, instance:tests.HomeTest@73f792cf]" name="closeDriver" is-config="true" duration-ms="1370" started-at="2020-08-25T19:47:02Z" finished-at="2020-08-25T19:47:04Z">
          <reporter-output>
          </reporter-output>
        </test-method> <!-- closeDriver -->
      </class> <!-- tests.HomeTest -->
    </test> <!-- Surefire test -->
  </suite> <!-- Surefire suite -->
</testng-results>
